c:\users\howar\onedrive\documents\codes\cpp\adjointoptimalcontrol\adjointoptimalcontrol\debug\vc140.pdb
c:\users\howar\onedrive\documents\codes\cpp\adjointoptimalcontrol\adjointoptimalcontrol\debug\vc140.idb
c:\users\howar\onedrive\documents\codes\cpp\adjointoptimalcontrol\adjointoptimalcontrol\debug\ex1_control.obj
c:\users\howar\onedrive\documents\codes\cpp\adjointoptimalcontrol\adjointoptimalcontrol\debug\ex1_dynamics.obj
c:\users\howar\onedrive\documents\codes\cpp\adjointoptimalcontrol\adjointoptimalcontrol\debug\ex1_finalcost.obj
c:\users\howar\onedrive\documents\codes\cpp\adjointoptimalcontrol\adjointoptimalcontrol\debug\ex1_integralcost.obj
c:\users\howar\onedrive\documents\codes\cpp\adjointoptimalcontrol\adjointoptimalcontrol\debug\ex2_control.obj
c:\users\howar\onedrive\documents\codes\cpp\adjointoptimalcontrol\adjointoptimalcontrol\debug\ex2_dynamics.obj
c:\users\howar\onedrive\documents\codes\cpp\adjointoptimalcontrol\adjointoptimalcontrol\debug\ex2_finalcost.obj
c:\users\howar\onedrive\documents\codes\cpp\adjointoptimalcontrol\adjointoptimalcontrol\debug\ex2_integralcost.obj
c:\users\howar\onedrive\documents\codes\cpp\adjointoptimalcontrol\adjointoptimalcontrol\debug\main.obj
c:\users\howar\onedrive\documents\codes\cpp\adjointoptimalcontrol\adjointoptimalcontrol\debug\optimal_control_impl.obj
c:\users\howar\onedrive\documents\codes\cpp\adjointoptimalcontrol\debug\adjointoptimalcontrol.ilk
c:\users\howar\onedrive\documents\codes\cpp\adjointoptimalcontrol\debug\adjointoptimalcontrol.exe
c:\users\howar\onedrive\documents\codes\cpp\adjointoptimalcontrol\debug\adjointoptimalcontrol.pdb
c:\users\howar\onedrive\documents\codes\cpp\adjointoptimalcontrol\adjointoptimalcontrol\debug\adjointo.6945187a.tlog\cl.command.1.tlog
c:\users\howar\onedrive\documents\codes\cpp\adjointoptimalcontrol\adjointoptimalcontrol\debug\adjointo.6945187a.tlog\cl.read.1.tlog
c:\users\howar\onedrive\documents\codes\cpp\adjointoptimalcontrol\adjointoptimalcontrol\debug\adjointo.6945187a.tlog\cl.write.1.tlog
c:\users\howar\onedrive\documents\codes\cpp\adjointoptimalcontrol\adjointoptimalcontrol\debug\adjointo.6945187a.tlog\link.command.1.tlog
c:\users\howar\onedrive\documents\codes\cpp\adjointoptimalcontrol\adjointoptimalcontrol\debug\adjointo.6945187a.tlog\link.read.1.tlog
c:\users\howar\onedrive\documents\codes\cpp\adjointoptimalcontrol\adjointoptimalcontrol\debug\adjointo.6945187a.tlog\link.write.1.tlog
